(13:34:53.621) [Encrita] Encrita Booting...
(13:34:53.622) [Encrita] Successfully Booted!
(13:47:26.639) [Encrita] Encrita Booting...
(13:47:30.663) [Encrita] Successfully Booted!
(13:50:54.939) [Encrita] Encrita Booting...
(13:50:54.940) [Encrita] Successfully Booted!
(13:51:07.723) [Encrita] Encrita Booting...
(13:51:07.748) [Encrita] Successfully Booted!
(13:51:31.366) [Encrita] Encrita Booting...
(13:51:31.397) [Encrita] Successfully Booted!
(13:57:23.351) [Encrita] Encrita Booting...
(13:57:23.376) [Encrita] Error: No system file found! (!'encrita.eib')
(13:57:23.377) [Encrita] Successfully Booted!
(13:58:45.324) [Encrita] Encrita Booting...
(13:58:45.356) [Encrita] Falling back on installation (no system file found)...
(13:58:45.357) [Encrita] Successfully Booted!
(13:59:31.506) [Encrita] Encrita Booting...
(13:59:31.532) [Encrita] Error: No system file found! (encrita.eib)
(13:59:31.533) [Encrita] Successfully Booted!
(13:59:43.661) [Encrita] 
Encrita Booting...
(13:59:43.688) [Encrita] Error: No system file found! (encrita.eib)
(13:59:43.688) [Encrita] Successfully Booted!
(14:03:31.092) [Encrita] Encrita Booting...
(14:03:31.119) [Encrita] Error: No system file found! (encrita.eib)
(14:03:31.119) [Encrita] Installing Encrita...
(14:03:31.120) [Encrita] Error: No invite file found! (invite.eib)
(14:03:31.120) [Encrita] Successfully Booted!
(14:04:56.481) [(===)] 
(14:04:56.510) [Encrita] Encrita Booting...
(14:04:56.510) [Encrita] Error: No system file found! (encrita.eib)
(14:04:56.510) [Encrita] Installing Encrita...
(14:04:56.510) [Encrita] Error: No invite file found! (invite.eib)
(14:04:56.510) [Encrita] Successfully Booted!
(14:40:27.704) [(===)] 
(14:40:27.705) [Encrita] Encrita Booting...
(14:40:27.705) [Encrita] Error: No system file found! (encrita.eib)
(14:40:27.705) [Encrita] Installing Encrita...
(14:40:27.706) [Encrita] Error: No invite file found! (invite.eib)
(14:41:09.251) [Encrita] Successfully Booted!
(14:41:12.682) [(===)] 
(14:41:12.683) [Encrita] Encrita Booting...
(14:41:12.683) [Encrita] Error: No system file found! (encrita.eib)
(14:41:12.684) [Encrita] Installing Encrita...
(14:41:12.684) [Encrita] Error: No invite file found! (invite.eib)
(14:41:29.927) [Encrita] Successfully Booted!
(14:41:57.164) [(===)] 
(14:41:57.164) [Encrita] Encrita Booting...
(14:41:57.165) [Encrita] Error: No system file found! (encrita.eib)
(14:41:57.165) [Encrita] Installing Encrita...
(14:41:57.165) [Encrita] Error: No invite file found! (invite.eib)
(14:43:29.950) [Encrita] Successfully Booted!
(14:43:32.866) [(===)] 
(14:43:32.867) [Encrita] Encrita Booting...
(14:43:32.867) [Encrita] Error: No system file found! (encrita.eib)
(14:43:32.867) [Encrita] Installing Encrita...
(14:43:32.867) [Encrita] Error: No invite file found! (invite.eib)
(14:44:14.609) [Encrita] Successfully Booted!
(14:44:18.139) [(===)] 
(14:44:18.140) [Encrita] Encrita Booting...
(14:44:18.140) [Encrita] Error: No system file found! (encrita.eib)
(14:44:18.140) [Encrita] Installing Encrita...
(14:44:18.141) [Encrita] Error: No invite file found! (invite.eib)
(14:44:21.033) [Encrita] Successfully Booted!
(14:44:45.900) [(===)] 
(14:44:45.900) [Encrita] Encrita Booting...
(14:44:45.901) [Encrita] Error: No system file found! (encrita.eib)
(14:44:45.901) [Encrita] Installing Encrita...
(14:44:45.901) [Encrita] Error: No invite file found! (invite.eib)
(14:45:00.088) [Encrita] Successfully Booted!
(14:45:02.960) [(===)] 
(14:45:02.961) [Encrita] Encrita Booting...
(14:45:02.961) [Encrita] Error: No system file found! (encrita.eib)
(14:45:02.962) [Encrita] Installing Encrita...
(14:45:02.962) [Encrita] Error: No invite file found! (invite.eib)
(14:45:28.250) [Encrita] Successfully Booted!
(14:45:30.927) [(===)] 
(14:45:30.928) [Encrita] Encrita Booting...
(14:45:30.928) [Encrita] Error: No system file found! (encrita.eib)
(14:45:30.928) [Encrita] Installing Encrita...
(14:45:30.929) [Encrita] Error: No invite file found! (invite.eib)
(14:46:24.042) [Encrita] Successfully Booted!
(14:46:26.675) [(===)] 
(14:46:26.675) [Encrita] Encrita Booting...
(14:46:26.676) [Encrita] Error: No system file found! (encrita.eib)
(14:46:26.676) [Encrita] Installing Encrita...
(14:46:26.676) [Encrita] Error: No invite file found! (invite.eib)
(14:46:41.952) [Encrita] Successfully Booted!
(14:46:44.842) [(===)] 
(14:46:44.843) [Encrita] Encrita Booting...
(14:46:44.843) [Encrita] Error: No system file found! (encrita.eib)
(14:46:44.843) [Encrita] Installing Encrita...
(14:46:44.844) [Encrita] Error: No invite file found! (invite.eib)
(14:49:18.713) [Encrita] Successfully Booted!
(14:49:21.364) [(===)] 
(14:49:21.365) [Encrita] Encrita Booting...
(14:49:21.365) [Encrita] Error: No system file found! (encrita.eib)
(14:49:21.365) [Encrita] Installing Encrita...
(14:49:21.366) [Encrita] Error: No invite file found! (invite.eib)
(14:49:25.222) [Encrita] Successfully Booted!
(14:49:39.579) [(===)] 
(14:49:39.579) [Encrita] Encrita Booting...
(14:49:39.579) [Encrita] Error: No system file found! (encrita.eib)
(14:49:39.580) [Encrita] Installing Encrita...
(14:49:39.580) [Encrita] Error: No invite file found! (invite.eib)
(14:50:14.160) [Encrita] Successfully Booted!
(14:50:17.619) [(===)] 
(14:50:17.620) [Encrita] Encrita Booting...
(14:50:17.620) [Encrita] Error: No system file found! (encrita.eib)
(14:50:17.620) [Encrita] Installing Encrita...
(14:50:17.621) [Encrita] Error: No invite file found! (invite.eib)
(14:51:13.217) [Encrita] Successfully Booted!
(14:52:26.289) [(===)] 
(14:52:26.290) [Encrita] Encrita Booting...
(14:52:26.290) [Encrita] Error: No system file found! (encrita.eib)
(14:52:26.291) [Encrita] Installing Encrita...
(14:52:26.291) [Encrita] Error: No invite file found! (invite.eib)
(14:53:03.734) [Encrita] Successfully Booted!
(14:53:07.408) [(===)] 
(14:53:07.408) [Encrita] Encrita Booting...
(14:53:07.409) [Encrita] Error: No system file found! (encrita.eib)
(14:53:07.409) [Encrita] Installing Encrita...
(14:53:07.409) [Encrita] Error: No invite file found! (invite.eib)
(14:53:16.457) [Encrita] Successfully Booted!
(14:53:35.224) [(===)] 
(14:53:35.225) [Encrita] Encrita Booting...
(14:53:35.225) [Encrita] Error: No system file found! (encrita.eib)
(14:53:35.225) [Encrita] Installing Encrita...
(14:53:35.225) [Encrita] Error: No invite file found! (invite.eib)
(14:56:20.316) [Encrita] Successfully Booted!
(14:56:24.840) [(===)] 
(14:56:24.841) [Encrita] Encrita Booting...
(14:56:24.841) [Encrita] Error: No system file found! (encrita.eib)
(14:56:24.842) [Encrita] Installing Encrita...
(14:56:24.842) [Encrita] Error: No invite file found! (invite.eib)
(14:57:23.883) [Encrita] Successfully Booted!
(14:57:28.892) [(===)] 
(14:57:28.893) [Encrita] Encrita Booting...
(14:57:28.893) [Encrita] Error: No system file found! (encrita.eib)
(14:57:28.893) [Encrita] Installing Encrita...
(14:57:28.894) [Encrita] Error: No invite file found! (invite.eib)
(14:57:42.466) [Encrita] Successfully Booted!
(14:57:47.252) [(===)] 
(14:57:47.252) [Encrita] Encrita Booting...
(14:57:47.253) [Encrita] Error: No system file found! (encrita.eib)
(14:57:47.253) [Encrita] Installing Encrita...
(14:57:47.253) [Encrita] Error: No invite file found! (invite.eib)
(14:59:44.400) [Encrita] Successfully Booted!
(14:59:50.355) [(===)] 
(14:59:50.356) [Encrita] Encrita Booting...
(14:59:50.356) [Encrita] Error: No system file found! (encrita.eib)
(14:59:50.356) [Encrita] Installing Encrita...
(14:59:50.357) [Encrita] Error: No invite file found! (invite.eib)
(15:00:52.142) [Encrita] Successfully Booted!
(15:05:03.070) [(===)] 
(15:05:03.071) [Encrita] Encrita Booting...
(15:05:03.071) [Encrita] Error: No system file found! (encrita.eib)
(15:05:03.071) [Encrita] Installing Encrita...
(15:05:03.072) [Encrita] Error: No invite file found! (invite.eib)
(15:05:11.950) [Encrita] Successfully Booted!
(15:05:49.934) [(===)] 
(15:05:49.934) [Encrita] Encrita Booting...
(15:05:49.935) [Encrita] Error: No system file found! (encrita.eib)
(15:05:49.935) [Encrita] Installing Encrita...
(15:05:49.935) [Encrita] Error: No invite file found! (invite.eib)
(15:06:03.496) [Encrita] Successfully Booted!
(15:21:19.482) [(===)] 
(15:21:19.482) [Encrita] Encrita Booting...
(15:21:19.483) [Encrita] Error: No system file found! (encrita.eib)
(15:21:19.483) [Encrita] Installing Encrita...
(15:21:19.483) [Encrita] Error: No invite file found! (invite.eib)
(15:22:13.143) [Encrita] Successfully Booted!
(15:22:17.181) [(===)] 
(15:22:17.181) [Encrita] Encrita Booting...
(15:22:17.181) [Encrita] Error: No system file found! (encrita.eib)
(15:22:17.182) [Encrita] Installing Encrita...
(15:22:17.182) [Encrita] Error: No invite file found! (invite.eib)
(15:23:53.241) [Encrita] Successfully Booted!
(15:23:56.142) [(===)] 
(15:23:56.143) [Encrita] Encrita Booting...
(15:23:56.143) [Encrita] Error: No system file found! (encrita.eib)
(15:23:56.144) [Encrita] Installing Encrita...
(15:23:56.144) [Encrita] Error: No invite file found! (invite.eib)
(15:23:57.233) [User] User chose to quit application
(15:23:57.241) [Encrita] Successfully Booted!
(15:24:49.098) [(===)] 
(15:24:49.099) [Encrita] Encrita Booting...
(15:24:49.099) [Encrita] Error: No system file found! (encrita.eib)
(15:24:49.100) [Encrita] Installing Encrita...
(15:24:49.100) [Encrita] Error: No invite file found! (invite.eib)
(15:24:54.437) [User] User chose to quit application instead of hosting server
(15:24:54.446) [Encrita] Successfully Booted!
(15:24:56.829) [(===)] 
(15:24:56.829) [Encrita] Encrita Booting...
(15:24:56.830) [Encrita] Error: No system file found! (encrita.eib)
(15:24:56.830) [Encrita] Installing Encrita...
(15:24:56.830) [Encrita] Error: No invite file found! (invite.eib)
(15:25:04.717) [User] User chose to quit application instead of hosting server
(15:25:04.727) [Encrita] Successfully Booted!
(15:25:07.419) [(===)] 
(15:25:07.419) [Encrita] Encrita Booting...
(15:25:07.419) [Encrita] Error: No system file found! (encrita.eib)
(15:25:07.420) [Encrita] Installing Encrita...
(15:25:07.420) [Encrita] Error: No invite file found! (invite.eib)
(15:25:11.361) [User] User chose to quit application instead of hosting server
(15:25:11.365) [Encrita] Successfully Booted!
(15:26:16.385) [(===)] 
(15:26:16.386) [Encrita] Encrita Booting...
(15:26:16.386) [Encrita] Error: No system file found! (encrita.eib)
(15:26:16.386) [Encrita] Installing Encrita...
(15:26:16.387) [Encrita] Error: No invite file found! (invite.eib)
(15:26:17.757) [User] User chose to quit application instead of hosting server
(15:26:49.490) [(===)] 
(15:26:49.491) [Encrita] Encrita Booting...
(15:26:49.491) [Encrita] Error: No system file found! (encrita.eib)
(15:26:49.492) [Encrita] Installing Encrita...
(15:26:49.492) [Encrita] Error: No invite file found! (invite.eib)
(15:26:52.239) [User] User chose to quit application instead of hosting server
(15:32:20.419) [(===)] 
(15:32:20.420) [Encrita] Encrita Booting...
(15:32:20.420) [Encrita] Error: No system file found! (encrita.eib)
(15:32:20.420) [Encrita] Installing Encrita...
(15:32:20.421) [Encrita] Error: No invite file found! (invite.eib)
(15:32:26.165) [User] User chose to quit application instead of hosting server
(15:32:28.849) [(===)] 
(15:32:28.850) [Encrita] Encrita Booting...
(15:32:28.850) [Encrita] Error: No system file found! (encrita.eib)
(15:32:28.851) [Encrita] Installing Encrita...
(15:32:28.851) [Encrita] Error: No invite file found! (invite.eib)
(15:32:39.609) [User] User chose to quit application instead of hosting server
(15:36:02.199) [(===)] 
(15:36:02.200) [Encrita] Encrita Booting...
(15:36:02.200) [Encrita] Error: No system file found! (encrita.eib)
(15:36:02.200) [Encrita] Installing Encrita...
(15:36:02.201) [Encrita] Error: No invite file found! (invite.eib)
(15:36:25.764) [User] User chose to quit application instead of hosting server
(15:36:28.607) [(===)] 
(15:36:28.607) [Encrita] Encrita Booting...
(15:36:28.607) [Encrita] Error: No system file found! (encrita.eib)
(15:36:28.608) [Encrita] Installing Encrita...
(15:36:28.608) [Encrita] Error: No invite file found! (invite.eib)
(15:36:31.726) [User] User chose to quit application instead of hosting server
(15:38:51.514) [(===)
] 
(15:38:51.515) [Encrita] Encrita Booting...
(15:38:51.515) [Encrita] Error: No system file found! (encrita.eib)
(15:38:51.515) [Encrita] Installing Encrita...
(15:38:51.516) [Encrita] Error: No invite file found! (invite.eib)
(15:38:57.713) [User] User chose to quit application instead of hosting server
(15:39:12.359) [(===)] 

(15:39:12.360) [Encrita] Encrita Booting...
(15:39:12.360) [Encrita] Error: No system file found! (encrita.eib)
(15:39:12.361) [Encrita] Installing Encrita...
(15:39:12.361) [Encrita] Error: No invite file found! (invite.eib)
(15:39:24.217) [User] User chose to quit application instead of hosting server
(15:55:08.857) [(===)] 

(15:55:08.858) [Encrita] Encrita Booting...
(15:55:08.858) [Encrita] Error: No system file found! (encrita.eib)
(15:55:08.859) [Encrita] Installing Encrita...
(15:55:08.859) [Encrita] Error: No invite file found! (invite.eib)
(15:56:37.052) [User] User chose to quit application instead of hosting server
(15:56:39.922) [(===)] 

(15:56:39.922) [Encrita] Encrita Booting...
(15:56:39.922) [Encrita] Error: No system file found! (encrita.eib)
(15:56:39.923) [Encrita] Installing Encrita...
(15:56:39.923) [Encrita] Error: No invite file found! (invite.eib)
(16:04:28.926) [User] User chose to quit application instead of hosting server
(16:04:33.381) [(===)] 

(16:04:33.381) [Encrita] Encrita Booting...
(16:04:33.381) [Encrita] Error: No system file found! (encrita.eib)
(16:04:33.382) [Encrita] Installing Encrita...
(16:04:33.382) [Encrita] Error: No invite file found! (invite.eib)
(16:06:13.303) [User] User chose to quit application instead of hosting server
(16:06:16.105) [(===)] 

(16:06:16.106) [Encrita] Encrita Booting...
(16:06:16.106) [Encrita] Error: No system file found! (encrita.eib)
(16:06:16.107) [Encrita] Installing Encrita...
(16:06:16.107) [Encrita] Error: No invite file found! (invite.eib)
(16:06:35.227) [User] User chose to quit application instead of hosting server
(16:06:38.007) [(===)] 

(16:06:38.008) [Encrita] Encrita Booting...
(16:06:38.008) [Encrita] Error: No system file found! (encrita.eib)
(16:06:38.008) [Encrita] Installing Encrita...
(16:06:38.009) [Encrita] Error: No invite file found! (invite.eib)
(16:06:49.781) [User] User chose to quit application instead of hosting server
(16:06:52.822) [(===)] 

(16:06:52.823) [Encrita] Encrita Booting...
(16:06:52.823) [Encrita] Error: No system file found! (encrita.eib)
(16:06:52.823) [Encrita] Installing Encrita...
(16:06:52.823) [Encrita] Error: No invite file found! (invite.eib)
(16:07:01.502) [User] User chose to quit application instead of hosting server
(16:07:03.791) [(===)] 

(16:07:03.791) [Encrita] Encrita Booting...
(16:07:03.792) [Encrita] Error: No system file found! (encrita.eib)
(16:07:03.792) [Encrita] Installing Encrita...
(16:07:03.792) [Encrita] Error: No invite file found! (invite.eib)
(16:07:14.698) [User] User chose to quit application instead of hosting server
(16:12:03.740) [(===)] 

(16:12:03.741) [Encrita] Encrita Booting...
(16:12:03.741) [Encrita] Error: No system file found! (encrita.eib)
(16:12:03.741) [Encrita] Installing Encrita...
(16:12:03.741) [Encrita] Error: No invite file found! (invite.eib)
(16:13:06.226) [Encrita] Successfully Booted!
(16:13:39.831) [(===)] 

(16:13:39.832) [Encrita] Encrita Booting...
(16:13:39.832) [Encrita] Error: No system file found! (encrita.eib)
(16:13:39.833) [Encrita] Installing Encrita...
(16:13:39.833) [Encrita] Error: No invite file found! (invite.eib)
(16:14:22.577) [User] User chose to quit application instead of hosting server
(16:15:59.024) [(===)] 

(16:15:59.025) [Encrita] Encrita Booting...
(16:15:59.025) [Encrita] Error: No system file found! (encrita.eib)
(16:15:59.026) [Encrita] Installing and configering Encrita...
(16:15:59.026) [Encrita] Error: No invite file found! (invite.eib)
(16:16:01.480) [User] User chose to quit application instead of hosting server
(16:23:16.558) [(===)] 

(16:23:16.559) [Encrita] Booting from directory (/media/greenchild/Gata/Ethan/Home/Github/Encrita/Encrita)
(16:23:16.559) [Encrita] Encrita Booting...
(16:23:16.559) [Encrita] Error: No system file found! (encrita.eib)
(16:23:16.560) [Encrita] Installing and configering Encrita...
(16:23:16.560) [Encrita] Error: No invite file found! (invite.eib)
(16:23:27.907) [User] User chose to quit application instead of hosting server
(17:01:19.970) [(===)] 

(17:01:19.971) [Encrita] Booting from directory (/media/greenchild/Gata/Ethan/Home/Github/Encrita/Encrita)
(17:01:19.971) [Encrita] Encrita Booting...
(17:01:19.971) [Encrita] Error: No system file found! (encrita.eib)
(17:01:19.971) [Encrita] Installing and configering Encrita...
(17:01:19.972) [Encrita] Error: No invite file found! (invite.eib)
(17:01:39.561) [User] User chose to quit application instead of hosting server
(17:01:41.995) [(===)] 

(17:01:41.996) [Encrita] Booting from directory (/media/greenchild/Gata/Ethan/Home/Github/Encrita/Encrita)
(17:01:41.996) [Encrita] Encrita Booting...
(17:01:41.996) [Encrita] Error: No system file found! (encrita.eib)
(17:01:41.996) [Encrita] Installing and configering Encrita...
(17:01:41.996) [Encrita] Error: No invite file found! (invite.eib)
(17:01:59.920) [User] User chose to quit application instead of hosting server
(17:02:02.279) [(===)] 

(17:02:02.280) [Encrita] Booting from directory (/media/greenchild/Gata/Ethan/Home/Github/Encrita/Encrita)
(17:02:02.280) [Encrita] Encrita Booting...
(17:02:02.280) [Encrita] Error: No system file found! (encrita.eib)
(17:02:02.281) [Encrita] Installing and configering Encrita...
(17:02:02.281) [Encrita] Error: No invite file found! (invite.eib)
(17:02:16.899) [User] User chose to quit application instead of hosting server
(17:02:19.037) [(===)] 

(17:02:19.038) [Encrita] Booting from directory (/media/greenchild/Gata/Ethan/Home/Github/Encrita/Encrita)
(17:02:19.038) [Encrita] Encrita Booting...
(17:02:19.038) [Encrita] Error: No system file found! (encrita.eib)
(17:02:19.038) [Encrita] Installing and configering Encrita...
(17:02:19.038) [Encrita] Error: No invite file found! (invite.eib)
(17:02:34.269) [User] User chose to quit application instead of hosting server
(17:02:36.709) [(===)] 

(17:02:36.710) [Encrita] Booting from directory (/media/greenchild/Gata/Ethan/Home/Github/Encrita/Encrita)
(17:02:36.710) [Encrita] Encrita Booting...
(17:02:36.710) [Encrita] Error: No system file found! (encrita.eib)
(17:02:36.711) [Encrita] Installing and configering Encrita...
(17:02:36.711) [Encrita] Error: No invite file found! (invite.eib)
(17:04:56.976) [User] User chose to quit application instead of hosting server
(17:05:00.623) [(===)] 

(17:05:00.624) [Encrita] Booting from directory (/media/greenchild/Gata/Ethan/Home/Github/Encrita/Encrita)
(17:05:00.624) [Encrita] Encrita Booting...
(17:05:00.624) [Encrita] Error: No system file found! (encrita.eib)
(17:05:00.625) [Encrita] Installing and configering Encrita...
(17:05:00.625) [Encrita] Error: No invite file found! (invite.eib)
(17:05:38.391) [Encrita] Successfully Booted!
(17:06:51.987) [(===)] 

(17:06:51.988) [Encrita] Booting from directory (/media/greenchild/Gata/Ethan/Home/Github/Encrita/Encrita)
(17:06:51.988) [Encrita] Encrita Booting...
(17:06:51.988) [Encrita] Error: No system file found! (encrita.eib)
(17:06:51.988) [Encrita] Installing and configering Encrita...
(17:06:51.989) [Encrita] Error: No invite file found! (invite.eib)
(17:08:47.817) [Encrita] Successfully Booted!
(17:08:53.250) [(===)] 

(17:08:53.251) [Encrita] Booting from directory (/media/greenchild/Gata/Ethan/Home/Github/Encrita/Encrita)
(17:08:53.251) [Encrita] Encrita Booting...
(17:08:53.251) [Encrita] Error: No system file found! (encrita.eib)
(17:08:53.251) [Encrita] Installing and configering Encrita...
(17:08:53.251) [Encrita] Error: No invite file found! (invite.eib)
(17:09:13.218) [Encrita] Successfully Booted!
(17:10:16.454) [(===)] 

(17:10:16.455) [Encrita] Booting from directory (/media/greenchild/Gata/Ethan/Home/Github/Encrita/Encrita)
(17:10:16.455) [Encrita] Encrita Booting...
(17:10:16.455) [Encrita] Error: No system file found! (encrita.eib)
(17:10:16.455) [Encrita] Installing and configering Encrita...
(17:10:16.456) [Encrita] Error: No invite file found! (invite.eib)
(17:10:20.932) [Encrita] Successfully Booted!
(17:10:33.515) [(===)] 

(17:10:33.516) [Encrita] Booting from directory (/media/greenchild/Gata/Ethan/Home/Github/Encrita/Encrita)
(17:10:33.516) [Encrita] Encrita Booting...
(17:10:33.516) [Encrita] Error: No system file found! (encrita.eib)
(17:10:33.516) [Encrita] Installing and configering Encrita...
(17:10:33.516) [Encrita] Error: No invite file found! (invite.eib)
(17:10:50.155) [Encrita] Successfully Booted!
(17:14:09.891) [(===)] 

(17:14:09.892) [Encrita] Booting from directory (/media/greenchild/Gata/Ethan/Home/Github/Encrita/Encrita)
(17:14:09.892) [Encrita] Encrita Booting...
(17:14:09.892) [Encrita] Error: No system file found! (encrita.eib)
(17:14:09.893) [Encrita] Installing and configering Encrita...
(17:14:09.893) [Encrita] Error: No invite file found! (invite.eib)
(17:14:11.729) [User] User chose to quit application instead of hosting server
(17:15:40.505) [(===)] 

(17:15:40.506) [Encrita] Booting from directory (/media/greenchild/Gata/Ethan/Home/Github/Encrita/Encrita)
(17:15:40.506) [Encrita] Encrita Booting...
(17:15:40.506) [Encrita] Error: No system file found! (encrita.eib)
(17:15:40.507) [Encrita] Installing and configering Encrita...
(17:15:40.507) [Encrita] Error: No invite file found! (invite.eib)
(17:15:42.924) [User] User chose to host their own server
(17:15:42.925) [Encrita] Fetching guide on hosting server...
(17:16:02.261) [Encrita] Successfully Booted!
(17:21:51.104) [(===)] 

(17:21:51.105) [Encrita] Booting from directory (/media/greenchild/Gata/Ethan/Home/Github/Encrita/Encrita)
(17:21:51.105) [Encrita] Encrita Booting...
(17:21:51.106) [Encrita] Error: No system file found! (encrita.eib)
(17:21:51.106) [Encrita] Installing and configering Encrita...
(17:21:51.106) [Encrita] Error: No invite file found! (invite.eib)
(17:22:49.781) [User] User chose to host their own server
(17:22:49.782) [Encrita] Fetching guide on hosting server...
(17:22:53.061) [Encrita] Successfully Booted!
(17:22:55.593) [(===)] 

(17:22:55.593) [Encrita] Booting from directory (/media/greenchild/Gata/Ethan/Home/Github/Encrita/Encrita)
(17:22:55.594) [Encrita] Encrita Booting...
(17:22:55.594) [Encrita] Error: No system file found! (encrita.eib)
(17:22:55.594) [Encrita] Installing and configering Encrita...
(17:22:55.594) [Encrita] Error: No invite file found! (invite.eib)
(17:22:58.017) [User] User chose to quit application instead of hosting server
(17:23:00.933) [(===)] 

(17:23:00.933) [Encrita] Booting from directory (/media/greenchild/Gata/Ethan/Home/Github/Encrita/Encrita)
(17:23:00.933) [Encrita] Encrita Booting...
(17:23:00.934) [Encrita] Error: No system file found! (encrita.eib)
(17:23:00.934) [Encrita] Installing and configering Encrita...
(17:23:00.934) [Encrita] Error: No invite file found! (invite.eib)
(17:23:02.101) [User] User chose to host their own server
(17:23:02.102) [Encrita] Fetching guide on hosting server...
(17:23:23.563) [Encrita] Successfully Booted!
(17:23:26.355) [(===)] 

(17:23:26.356) [Encrita] Booting from directory (/media/greenchild/Gata/Ethan/Home/Github/Encrita/Encrita)
(17:23:26.356) [Encrita] Encrita Booting...
(17:23:26.356) [Encrita] Error: No system file found! (encrita.eib)
(17:23:26.356) [Encrita] Installing and configering Encrita...
(17:23:26.357) [Encrita] Error: No invite file found! (invite.eib)
(17:23:27.462) [User] User chose to host their own server
(17:23:27.463) [Encrita] Fetching guide on hosting server...
(17:23:54.349) [Encrita] Successfully Booted!
(17:23:57.922) [(===)] 

(17:23:57.922) [Encrita] Booting from directory (/media/greenchild/Gata/Ethan/Home/Github/Encrita/Encrita)
(17:23:57.923) [Encrita] Encrita Booting...
(17:23:57.923) [Encrita] Error: No system file found! (encrita.eib)
(17:23:57.923) [Encrita] Installing and configering Encrita...
(17:23:57.923) [Encrita] Error: No invite file found! (invite.eib)
(17:24:00.541) [User] User chose to host their own server
(17:24:00.542) [Encrita] Fetching guide on hosting server...
(17:24:43.798) [Encrita] Successfully Booted!
(17:24:47.345) [(===)] 

(17:24:47.346) [Encrita] Booting from directory (/media/greenchild/Gata/Ethan/Home/Github/Encrita/Encrita)
(17:24:47.346) [Encrita] Encrita Booting...
(17:24:47.346) [Encrita] Error: No system file found! (encrita.eib)
(17:24:47.346) [Encrita] Installing and configering Encrita...
(17:24:47.347) [Encrita] Error: No invite file found! (invite.eib)
(17:24:51.623) [User] User chose to host their own server
(17:24:51.624) [Encrita] Fetching guide on hosting server...
(17:36:13.079) [Encrita] Successfully Booted!
(17:36:17.405) [(===)] 

(17:36:17.406) [Encrita] Booting from directory (/media/greenchild/Gata/Ethan/Home/Github/Encrita/Encrita)
(17:36:17.406) [Encrita] Encrita Booting...
(17:36:17.406) [Encrita] Error: No system file found! (encrita.eib)
(17:36:17.406) [Encrita] Installing and configering Encrita...
(17:36:17.407) [Encrita] Error: No invite file found! (invite.eib)
(17:36:19.114) [User] User chose to host their own server
(17:36:19.115) [Encrita] Fetching guide on hosting server...
(17:36:29.539) [Encrita] Successfully Booted!
(17:36:32.062) [(===)] 

(17:36:32.063) [Encrita] Booting from directory (/media/greenchild/Gata/Ethan/Home/Github/Encrita/Encrita)
(17:36:32.063) [Encrita] Encrita Booting...
(17:36:32.063) [Encrita] Error: No system file found! (encrita.eib)
(17:36:32.064) [Encrita] Installing and configering Encrita...
(17:36:32.064) [Encrita] Error: No invite file found! (invite.eib)
(17:36:33.782) [User] User chose to host their own server
(17:36:33.782) [Encrita] Fetching guide on hosting server...
(17:43:21.958) [Encrita] Successfully Booted!
(17:43:42.049) [(===)] 

(17:43:42.050) [Encrita] Booting from directory (/media/greenchild/Gata/Ethan/Home/Github/Encrita/Encrita)
(17:43:42.050) [Encrita] Encrita Booting...
(17:43:42.050) [Encrita] Error: No system file found! (encrita.eib)
(17:43:42.050) [Encrita] Installing and configering Encrita...
(17:43:42.050) [Encrita] Error: No invite file found! (invite.eib)
(17:43:44.122) [User] User chose to host their own server
(17:43:44.123) [Encrita] Fetching guide on hosting server...
(17:45:16.966) [(===)] 

(17:45:16.967) [Encrita] Booting from directory (/media/greenchild/Gata/Ethan/Home/Github/Encrita/Encrita)
(17:45:16.967) [Encrita] Encrita Booting...
(17:45:16.967) [Encrita] Error: No system file found! (encrita.eib)
(17:45:16.967) [Encrita] Installing and configering Encrita...
(17:45:16.968) [Encrita] Error: No invite file found! (invite.eib)
(17:45:19.708) [User] User chose to host their own server
(17:45:19.709) [Encrita] Fetching guide on hosting server...
(17:45:32.482) [Encrita] Successfully Booted!
(17:45:36.007) [(===)] 

(17:45:36.007) [Encrita] Booting from directory (/media/greenchild/Gata/Ethan/Home/Github/Encrita/Encrita)
(17:45:36.007) [Encrita] Encrita Booting...
(17:45:36.008) [Encrita] Error: No system file found! (encrita.eib)
(17:45:36.008) [Encrita] Installing and configering Encrita...
(17:45:36.008) [Encrita] Error: No invite file found! (invite.eib)
(17:45:37.225) [User] User chose to host their own server
(17:45:37.227) [Encrita] Fetching guide on hosting server...
(17:46:24.449) [Encrita] Successfully Booted!
(17:46:27.012) [(===)] 

(17:46:27.013) [Encrita] Booting from directory (/media/greenchild/Gata/Ethan/Home/Github/Encrita/Encrita)
(17:46:27.013) [Encrita] Encrita Booting...
(17:46:27.013) [Encrita] Error: No system file found! (encrita.eib)
(17:46:27.014) [Encrita] Installing and configering Encrita...
(17:46:27.014) [Encrita] Error: No invite file found! (invite.eib)
(17:46:28.525) [User] User chose to host their own server
(17:46:28.527) [Encrita] Fetching guide on hosting server...
(17:57:43.464) [Encrita] Successfully Booted!
(17:57:47.878) [(===)] 

(17:57:47.878) [Encrita] Booting from directory (/media/greenchild/Gata/Ethan/Home/Github/Encrita/Encrita)
(17:57:47.879) [Encrita] Encrita Booting...
(17:57:47.879) [Encrita] Error: No system file found! (encrita.eib)
(17:57:47.879) [Encrita] Installing and configering Encrita...
(17:57:47.879) [Encrita] Error: No invite file found! (invite.eib)
(17:57:51.670) [User] User chose to host their own server
(17:57:51.671) [Encrita] Fetching guide on hosting server...
(17:58:03.191) [Encrita] Successfully Booted!
(17:58:05.941) [(===)] 

(17:58:05.942) [Encrita] Booting from directory (/media/greenchild/Gata/Ethan/Home/Github/Encrita/Encrita)
(17:58:05.942) [Encrita] Encrita Booting...
(17:58:05.943) [Encrita] Error: No system file found! (encrita.eib)
(17:58:05.943) [Encrita] Installing and configering Encrita...
(17:58:05.943) [Encrita] Error: No invite file found! (invite.eib)
(17:58:08.925) [User] User chose to host their own server
(17:58:08.925) [Encrita] Fetching guide on hosting server...
(18:12:15.494) [User] User chose to host their own server
(18:12:15.498) [Encrita] Fetching guide on hosting server...
(18:12:16.499) [User] User chose to host their own server
(18:12:16.499) [Encrita] Fetching guide on hosting server...
(18:12:17.027) [User] User chose to host their own server
(18:12:17.028) [Encrita] Fetching guide on hosting server...
(18:12:18.063) [User] User chose to host their own server
(18:12:18.064) [Encrita] Fetching guide on hosting server...
(18:12:21.382) [User] User chose to host their own server
(18:12:21.382) [Encrita] Fetching guide on hosting server...
(18:12:23.081) [User] User chose to host their own server
(18:12:23.082) [Encrita] Fetching guide on hosting server...
(18:19:14.989) [Encrita] Successfully Booted!
(18:29:51.368) [(===)] 

(18:29:51.369) [Encrita] Booting from directory (/media/greenchild/Gata/Ethan/Home/Github/Encrita/Encrita)
(18:29:51.369) [Encrita] Encrita Booting...
(18:29:51.369) [Encrita] Error: No system file found! (encrita.eib)
(18:29:51.370) [Encrita] Installing and configering Encrita...
(18:29:51.370) [Encrita] Error: No invite file found! (invite.eib)
(18:29:53.014) [User] User chose to host their own server
(18:29:53.015) [Encrita] Fetching guide on hosting server...
(18:30:30.809) [Encrita] Successfully Booted!
(18:30:33.548) [(===)] 

(18:30:33.549) [Encrita] Booting from directory (/media/greenchild/Gata/Ethan/Home/Github/Encrita/Encrita)
(18:30:33.549) [Encrita] Encrita Booting...
(18:30:33.549) [Encrita] Error: No system file found! (encrita.eib)
(18:30:33.549) [Encrita] Installing and configering Encrita...
(18:30:33.550) [Encrita] Error: No invite file found! (invite.eib)
(18:30:34.992) [User] User chose to host their own server
(18:30:34.992) [Encrita] Fetching guide on hosting server...
(18:31:46.051) [Encrita] Successfully Booted!
(18:31:48.978) [(===)] 

(18:31:48.979) [Encrita] Booting from directory (/media/greenchild/Gata/Ethan/Home/Github/Encrita/Encrita)
(18:31:48.979) [Encrita] Encrita Booting...
(18:31:48.979) [Encrita] Error: No system file found! (encrita.eib)
(18:31:48.980) [Encrita] Installing and configering Encrita...
(18:31:48.980) [Encrita] Error: No invite file found! (invite.eib)
(18:31:50.976) [User] User chose to host their own server
(18:31:50.977) [Encrita] Fetching guide on hosting server...
(18:32:28.121) [Encrita] Successfully Booted!
(18:32:30.595) [(===)] 

(18:32:30.596) [Encrita] Booting from directory (/media/greenchild/Gata/Ethan/Home/Github/Encrita/Encrita)
(18:32:30.596) [Encrita] Encrita Booting...
(18:32:30.596) [Encrita] Error: No system file found! (encrita.eib)
(18:32:30.597) [Encrita] Installing and configering Encrita...
(18:32:30.597) [Encrita] Error: No invite file found! (invite.eib)
(18:32:31.481) [User] User chose to host their own server
(18:32:31.482) [Encrita] Fetching guide on hosting server...
(18:32:44.240) [Encrita] Successfully Booted!
(18:32:46.795) [(===)] 

(18:32:46.796) [Encrita] Booting from directory (/media/greenchild/Gata/Ethan/Home/Github/Encrita/Encrita)
(18:32:46.796) [Encrita] Encrita Booting...
(18:32:46.796) [Encrita] Error: No system file found! (encrita.eib)
(18:32:46.796) [Encrita] Installing and configering Encrita...
(18:32:46.796) [Encrita] Error: No invite file found! (invite.eib)
(18:32:48.673) [User] User chose to host their own server
(18:32:48.673) [Encrita] Fetching guide on hosting server...
(18:33:12.462) [Encrita] Successfully Booted!
(18:33:16.226) [(===)] 

(18:33:16.227) [Encrita] Booting from directory (/media/greenchild/Gata/Ethan/Home/Github/Encrita/Encrita)
(18:33:16.227) [Encrita] Encrita Booting...
(18:33:16.228) [Encrita] Error: No system file found! (encrita.eib)
(18:33:16.228) [Encrita] Installing and configering Encrita...
(18:33:16.228) [Encrita] Error: No invite file found! (invite.eib)
(18:33:18.152) [User] User chose to host their own server
(18:33:18.152) [Encrita] Fetching guide on hosting server...
(18:33:56.736) [Encrita] Successfully Booted!
(18:33:59.265) [(===)] 

(18:33:59.266) [Encrita] Booting from directory (/media/greenchild/Gata/Ethan/Home/Github/Encrita/Encrita)
(18:33:59.266) [Encrita] Encrita Booting...
(18:33:59.266) [Encrita] Error: No system file found! (encrita.eib)
(18:33:59.266) [Encrita] Installing and configering Encrita...
(18:33:59.267) [Encrita] Error: No invite file found! (invite.eib)
(18:34:00.680) [User] User chose to host their own server
(18:34:00.681) [Encrita] Fetching guide on hosting server...
(18:34:53.014) [Encrita] Successfully Booted!
(18:34:55.596) [(===)] 

(18:34:55.597) [Encrita] Booting from directory (/media/greenchild/Gata/Ethan/Home/Github/Encrita/Encrita)
(18:34:55.597) [Encrita] Encrita Booting...
(18:34:55.597) [Encrita] Error: No system file found! (encrita.eib)
(18:34:55.598) [Encrita] Installing and configering Encrita...
(18:34:55.598) [Encrita] Error: No invite file found! (invite.eib)
(18:34:56.937) [User] User chose to host their own server
(18:34:56.938) [Encrita] Fetching guide on hosting server...
(18:35:20.597) [User] User chose to host their own server
(18:35:20.597) [Encrita] Fetching guide on hosting server...
(18:35:22.069) [User] User chose to host their own server
(18:35:22.070) [Encrita] Fetching guide on hosting server...
(18:35:22.529) [User] User chose to host their own server
(18:35:22.529) [Encrita] Fetching guide on hosting server...
(18:35:22.711) [User] User chose to host their own server
(18:35:22.711) [Encrita] Fetching guide on hosting server...
(18:35:39.525) [Encrita] Successfully Booted!
(18:35:42.136) [(===)] 

(18:35:42.136) [Encrita] Booting from directory (/media/greenchild/Gata/Ethan/Home/Github/Encrita/Encrita)
(18:35:42.136) [Encrita] Encrita Booting...
(18:35:42.136) [Encrita] Error: No system file found! (encrita.eib)
(18:35:42.137) [Encrita] Installing and configering Encrita...
(18:35:42.137) [Encrita] Error: No invite file found! (invite.eib)
(18:35:44.091) [User] User chose to host their own server
(18:35:44.092) [Encrita] Fetching guide on hosting server...
(18:38:47.089) [User] User chose to host their own server
(18:38:47.097) [Encrita] Fetching guide on hosting server...
(18:41:10.967) [Encrita] Successfully Booted!
(18:41:13.672) [(===)] 

(18:41:13.673) [Encrita] Booting from directory (/media/greenchild/Gata/Ethan/Home/Github/Encrita/Encrita)
(18:41:13.673) [Encrita] Encrita Booting...
(18:41:13.673) [Encrita] Error: No system file found! (encrita.eib)
(18:41:13.674) [Encrita] Installing and configering Encrita...
(18:41:13.674) [Encrita] Error: No invite file found! (invite.eib)
(18:41:15.094) [User] User chose to host their own server
(18:41:15.095) [Encrita] Fetching guide on hosting server...
(18:45:14.736) [Encrita] Successfully Booted!
(18:45:17.577) [(===)] 

(18:45:17.577) [Encrita] Booting from directory (/media/greenchild/Gata/Ethan/Home/Github/Encrita/Encrita)
(18:45:17.577) [Encrita] Encrita Booting...
(18:45:17.578) [Encrita] Error: No system file found! (encrita.eib)
(18:45:17.578) [Encrita] Installing and configering Encrita...
(18:45:17.578) [Encrita] Error: No invite file found! (invite.eib)
(18:45:18.985) [User] User chose to host their own server
(18:45:18.986) [Encrita] Fetching guide on hosting server...
(18:45:35.734) [Encrita] Successfully Booted!
(18:45:38.463) [(===)] 

(18:45:38.464) [Encrita] Booting from directory (/media/greenchild/Gata/Ethan/Home/Github/Encrita/Encrita)
(18:45:38.464) [Encrita] Encrita Booting...
(18:45:38.464) [Encrita] Error: No system file found! (encrita.eib)
(18:45:38.472) [Encrita] Installing and configering Encrita...
(18:45:38.472) [Encrita] Error: No invite file found! (invite.eib)
(18:45:39.394) [User] User chose to host their own server
(18:45:39.395) [Encrita] Fetching guide on hosting server...
(18:47:23.282) [Encrita] Successfully Booted!
(18:47:30.031) [(===)] 

(18:47:30.032) [Encrita] Booting from directory (/media/greenchild/Gata/Ethan/Home/Github/Encrita/Encrita)
(18:47:30.032) [Encrita] Encrita Booting...
(18:47:30.032) [Encrita] Error: No system file found! (encrita.eib)
(18:47:30.032) [Encrita] Installing and configering Encrita...
(18:47:30.032) [Encrita] Error: No invite file found! (invite.eib)
(18:47:40.118) [User] User chose to quit application instead of hosting server
(18:47:43.023) [(===)] 

(18:47:43.024) [Encrita] Booting from directory (/media/greenchild/Gata/Ethan/Home/Github/Encrita/Encrita)
(18:47:43.024) [Encrita] Encrita Booting...
(18:47:43.024) [Encrita] Error: No system file found! (encrita.eib)
(18:47:43.025) [Encrita] Installing and configering Encrita...
(18:47:43.025) [Encrita] Error: No invite file found! (invite.eib)
(18:47:57.125) [User] User chose to host their own server
(18:47:57.126) [Encrita] Fetching guide on hosting server...
(18:48:18.078) [Encrita] Successfully Booted!
(18:48:35.974) [(===)] 

(18:48:35.974) [Encrita] Booting from directory (/media/greenchild/Gata/Ethan/Home/Github/Encrita/Encrita)
(18:48:35.974) [Encrita] Encrita Booting...
(18:48:35.975) [Encrita] Error: No system file found! (encrita.eib)
(18:48:35.975) [Encrita] Installing and configering Encrita...
(18:48:35.975) [Encrita] Error: No invite file found! (invite.eib)
(18:48:37.670) [User] User chose to quit application instead of hosting server
(18:48:42.189) [(===)] 

(18:48:42.190) [Encrita] Booting from directory (/media/greenchild/Gata/Ethan/Home/Github/Encrita/Encrita)
(18:48:42.190) [Encrita] Encrita Booting...
(18:48:42.191) [Encrita] Error: No system file found! (encrita.eib)
(18:48:42.191) [Encrita] Installing and configering Encrita...
(18:48:42.191) [Encrita] Error: No invite file found! (invite.eib)
(18:48:54.155) [User] User chose to host their own server
(18:48:54.156) [Encrita] Fetching guide on hosting a server...
(18:48:58.838) [Encrita] Successfully Booted!
(19:47:26.131) [(===)] 

(19:47:26.132) [Encrita] Booting from directory (/media/greenchild/Gata/Ethan/Home/Github/Encrita/Encrita)
(19:47:26.133) [Encrita] Encrita Booting...
(19:47:26.133) [Encrita] Error: No system file found! (encrita.eib)
(19:47:26.133) [Encrita] Installing and configering Encrita...
(19:47:26.133) [Encrita] Error: No invite file found! (invite.eib)
(19:47:28.068) [User] User chose to host their own server
(19:47:28.069) [Encrita] Fetching guide on hosting server...
(19:48:05.652) [Encrita] Successfully Booted!
(19:48:08.434) [(===)] 

(19:48:08.435) [Encrita] Booting from directory (/media/greenchild/Gata/Ethan/Home/Github/Encrita/Encrita)
(19:48:08.435) [Encrita] Encrita Booting...
(19:48:08.435) [Encrita] Error: No system file found! (encrita.eib)
(19:48:08.435) [Encrita] Installing and configering Encrita...
(19:48:08.436) [Encrita] Error: No invite file found! (invite.eib)
(19:48:10.435) [User] User chose to host their own server
(19:48:10.435) [Encrita] Fetching guide on hosting server...
(19:53:42.772) [Encrita] Successfully Booted!
(19:53:46.193) [(===)] 

(19:53:46.194) [Encrita] Booting from directory (/media/greenchild/Gata/Ethan/Home/Github/Encrita/Encrita)
(19:53:46.194) [Encrita] Encrita Booting...
(19:53:46.194) [Encrita] Error: No system file found! (encrita.eib)
(19:53:46.194) [Encrita] Installing and configering Encrita...
(19:53:46.195) [Encrita] Error: No invite file found! (invite.eib)
(19:54:15.909) [User] User chose to host their own server
(19:54:15.910) [Encrita] Fetching guide on hosting server...
(19:54:19.785) [Encrita] Successfully Booted!
(19:54:50.722) [(===)] 

(19:54:50.722) [Encrita] Booting from directory (/media/greenchild/Gata/Ethan/Home/Github/Encrita/Encrita)
(19:54:50.722) [Encrita] Encrita Booting...
(19:54:50.723) [Encrita] Error: No system file found! (encrita.eib)
(19:54:50.723) [Encrita] Installing and configering Encrita...
(19:54:50.723) [Encrita] Error: No invite file found! (invite.eib)
(19:55:04.001) [User] User chose to host their own server
(19:55:04.002) [Encrita] Fetching guide on hosting server...
(19:56:22.676) [Encrita] Successfully Booted!
(19:56:38.482) [(===)] 

(19:56:38.483) [Encrita] Booting from directory (/media/greenchild/Gata/Ethan/Home/Github/Encrita/Encrita)
(19:56:38.483) [Encrita] Encrita Booting...
(19:56:38.483) [Encrita] Error: No system file found! (encrita.eib)
(19:56:38.484) [Encrita] Installing and configering Encrita...
(19:56:38.484) [Encrita] Error: No invite file found! (invite.eib)
(19:56:40.647) [User] User chose to host their own server
(19:56:40.648) [Encrita] Fetching guide on hosting server...
(19:57:10.906) [Encrita] Successfully Booted!
(19:57:13.514) [(===)] 

(19:57:13.515) [Encrita] Booting from directory (/media/greenchild/Gata/Ethan/Home/Github/Encrita/Encrita)
(19:57:13.515) [Encrita] Encrita Booting...
(19:57:13.515) [Encrita] Error: No system file found! (encrita.eib)
(19:57:13.516) [Encrita] Installing and configering Encrita...
(19:57:13.517) [Encrita] Error: No invite file found! (invite.eib)
(19:57:15.321) [User] User chose to host their own server
(19:57:15.322) [Encrita] Fetching guide on hosting server...
(19:57:43.267) [Encrita] Successfully Booted!
(19:57:45.997) [(===)] 

(19:57:45.997) [Encrita] Booting from directory (/media/greenchild/Gata/Ethan/Home/Github/Encrita/Encrita)
(19:57:45.997) [Encrita] Encrita Booting...
(19:57:45.998) [Encrita] Error: No system file found! (encrita.eib)
(19:57:45.998) [Encrita] Installing and configering Encrita...
(19:57:45.998) [Encrita] Error: No invite file found! (invite.eib)
(19:57:47.880) [User] User chose to host their own server
(19:57:47.881) [Encrita] Fetching guide on hosting server...
(20:02:54.931) [Encrita] Successfully Booted!
(20:02:58.253) [(===)] 

(20:02:58.253) [Encrita] Booting from directory (/media/greenchild/Gata/Ethan/Home/Github/Encrita/Encrita)
(20:02:58.253) [Encrita] Encrita Booting...
(20:02:58.254) [Encrita] Error: No system file found! (encrita.eib)
(20:02:58.254) [Encrita] Installing and configering Encrita...
(20:02:58.254) [Encrita] Error: No invite file found! (invite.eib)
(20:03:05.040) [User] User chose to host their own server
(20:03:05.040) [Encrita] Fetching guide on hosting server...
(20:03:22.081) [Encrita] Successfully Booted!
(20:03:25.157) [(===)] 

(20:03:25.158) [Encrita] Booting from directory (/media/greenchild/Gata/Ethan/Home/Github/Encrita/Encrita)
(20:03:25.158) [Encrita] Encrita Booting...
(20:03:25.158) [Encrita] Error: No system file found! (encrita.eib)
(20:03:25.158) [Encrita] Installing and configering Encrita...
(20:03:25.159) [Encrita] Error: No invite file found! (invite.eib)
(20:03:28.049) [User] User chose to host their own server
(20:03:28.050) [Encrita] Fetching guide on hosting server...
(20:04:33.259) [Encrita] Successfully Booted!
(20:04:38.095) [(===)] 

(20:04:38.096) [Encrita] Booting from directory (/media/greenchild/Gata/Ethan/Home/Github/Encrita/Encrita)
(20:04:38.096) [Encrita] Encrita Booting...
(20:04:38.096) [Encrita] Error: No system file found! (encrita.eib)
(20:04:38.097) [Encrita] Installing and configering Encrita...
(20:04:38.097) [Encrita] Error: No invite file found! (invite.eib)
(20:04:40.064) [User] User chose to host their own server
(20:04:40.064) [Encrita] Fetching guide on hosting server...
(20:06:01.442) [Encrita] Successfully Booted!
(20:06:04.710) [(===)] 

(20:06:04.710) [Encrita] Booting from directory (/media/greenchild/Gata/Ethan/Home/Github/Encrita/Encrita)
(20:06:04.711) [Encrita] Encrita Booting...
(20:06:04.711) [Encrita] Error: No system file found! (encrita.eib)
(20:06:04.711) [Encrita] Installing and configering Encrita...
(20:06:04.711) [Encrita] Error: No invite file found! (invite.eib)
(20:06:06.828) [User] User chose to host their own server
(20:06:06.828) [Encrita] Fetching guide on hosting server...
(20:06:15.279) [Encrita] Successfully Booted!
(20:28:24.627) [(===)] 

(20:28:24.628) [Encrita] Booting from directory (/media/greenchild/Gata/Ethan/Home/Github/Encrita/Encrita)
(20:28:24.628) [Encrita] Encrita Booting...
(20:28:24.628) [Encrita] Error: No system file found! (encrita.eib)
(20:28:24.629) [Encrita] Installing and configering Encrita...
(20:28:24.629) [Encrita] Error: No invite file found! (invite.eib)
(20:28:26.463) [User] User chose to host their own server
(20:28:26.464) [Encrita] Fetching guide on hosting server...
(20:29:37.360) [Encrita] Hosting Setup Finished
(20:29:37.361) [Encrita] Stored discord bot token in token.eio
(20:29:37.361) [Encrita] Exiting boot...
(20:30:41.754) [(===)] 

(20:30:41.755) [Encrita] Booting from directory (/media/greenchild/Gata/Ethan/Home/Github/Encrita/Encrita)
(20:30:41.755) [Encrita] Encrita Booting...
(20:30:41.755) [Encrita] Error: No system file found! (encrita.eib)
(20:30:41.756) [Encrita] Installing and configering Encrita...
(20:30:41.756) [Encrita] Error: No invite file found! (invite.eib)
(20:30:43.857) [User] User chose to host their own server
(20:30:43.858) [Encrita] Fetching guide on hosting server...
(20:31:50.617) [Encrita] Hosting Setup Finished
(20:31:50.627) [Encrita] Stored discord bot token in token.eio
(20:31:50.628) [Encrita] Exiting boot...
(20:34:32.184) [(===)] 

(20:34:32.184) [Encrita] Booting from directory (/media/greenchild/Gata/Ethan/Home/Github/Encrita/Encrita)
(20:34:32.184) [Encrita] Encrita Booting...
(20:34:32.185) [Encrita] Error: No system file found! (encrita.eib)
(20:34:32.185) [Encrita] Installing and configering Encrita...
(20:34:32.185) [Encrita] Error: No invite file found! (invite.eib)
(20:36:58.123) [User] User chose to host their own server
(20:36:58.124) [Encrita] Fetching guide on hosting server...
(21:20:30.338) [Encrita] Successfully Booted!
(21:20:34.597) [(===)] 

(21:20:34.598) [Encrita] Booting from directory (/media/greenchild/Gata/Ethan/Home/Github/Encrita/Encrita)
(21:20:34.598) [Encrita] Encrita Booting...
(21:20:34.598) [Encrita] Error: No system file found! (encrita.eib)
(21:20:34.599) [Encrita] Installing and configering Encrita...
(21:20:34.599) [Encrita] Error: No invite file found! (invite.eib)
(21:20:36.339) [User] User chose to host their own server
(21:20:36.340) [Encrita] Fetching guide on hosting server...
(21:22:09.804) [Encrita] Hosting Setup Finished
(21:22:09.814) [Encrita] Asking for invite passcode...
(21:22:23.290) [Encrita] Minted first invite for this server
(21:22:23.290) [Encrita] Exiting boot...
(21:23:05.790) [(===)] 

(21:23:05.791) [Encrita] Booting from directory (/media/greenchild/Gata/Ethan/Home/Github/Encrita/Encrita)
(21:23:05.791) [Encrita] Encrita Booting...
(21:23:05.791) [Encrita] Error: No system file found! (encrita.eib)
(21:23:05.792) [Encrita] Installing and configering Encrita...
(21:23:05.792) [Encrita] Error: No invite file found! (invite.eib)
(21:23:09.630) [User] User chose to host their own server
(21:23:09.630) [Encrita] Fetching guide on hosting server...
(21:23:13.430) [Encrita] Hosting Setup Finished
(21:23:13.432) [Encrita] Asking for invite passcode...
(21:23:36.306) [Encrita] Minted first invite for this server
(21:23:36.306) [Encrita] Exiting boot...
(21:24:29.123) [(===)] 

(21:24:29.124) [Encrita] Booting from directory (/media/greenchild/Gata/Ethan/Home/Github/Encrita/Encrita)
(21:24:29.124) [Encrita] Encrita Booting...
(21:24:29.124) [Encrita] Error: No system file found! (encrita.eib)
(21:24:29.125) [Encrita] Installing and configering Encrita...
(21:24:29.125) [Encrita] Error: No invite file found! (invite.eib)
(21:24:33.319) [User] User chose to host their own server
(21:24:33.319) [Encrita] Fetching guide on hosting server...
(21:24:35.312) [Encrita] Hosting Setup Finished
(21:24:35.313) [Encrita] Asking for invite passcode...
(21:25:18.684) [Encrita] Minted first invite for this server
(21:25:18.685) [Encrita] Exiting boot...
(21:25:44.610) [(===)] 

(21:25:44.611) [Encrita] Booting from directory (/media/greenchild/Gata/Ethan/Home/Github/Encrita/Encrita)
(21:25:44.611) [Encrita] Encrita Booting...
(21:25:44.612) [Encrita] Error: No system file found! (encrita.eib)
(21:25:44.612) [Encrita] Installing and configering Encrita...
(21:25:44.612) [Encrita] Error: No invite file found! (invite.eib)
(21:25:46.785) [User] User chose to host their own server
(21:25:46.786) [Encrita] Fetching guide on hosting server...
(21:25:49.819) [Encrita] Hosting Setup Finished
(21:25:49.820) [Encrita] Asking for invite passcode...
(21:28:21.184) [Encrita] Minted first invite for this server
(21:28:21.184) [Encrita] Exiting boot...
(21:28:23.853) [(===)] 

(21:28:23.854) [Encrita] Booting from directory (/media/greenchild/Gata/Ethan/Home/Github/Encrita/Encrita)
(21:28:23.854) [Encrita] Encrita Booting...
(21:28:23.854) [Encrita] Error: No system file found! (encrita.eib)
(21:28:23.855) [Encrita] Installing and configering Encrita...
(21:28:23.855) [Encrita] Error: No invite file found! (invite.eib)
(21:28:25.515) [User] User chose to host their own server
(21:28:25.515) [Encrita] Fetching guide on hosting server...
(21:28:28.537) [Encrita] Hosting Setup Finished
(21:28:28.539) [Encrita] Asking for invite passcode...
(21:28:55.879) [Encrita] Minted first invite for this server
(21:28:55.880) [Encrita] Exiting boot...
(21:28:58.484) [(===)] 

(21:28:58.485) [Encrita] Booting from directory (/media/greenchild/Gata/Ethan/Home/Github/Encrita/Encrita)
(21:28:58.485) [Encrita] Encrita Booting...
(21:28:58.485) [Encrita] Error: No system file found! (encrita.eib)
(21:28:58.485) [Encrita] Installing and configering Encrita...
(21:28:58.486) [Encrita] Error: No invite file found! (invite.eib)
(21:29:03.729) [User] User chose to host their own server
(21:29:03.729) [Encrita] Fetching guide on hosting server...
(21:29:05.876) [Encrita] Hosting Setup Finished
(21:29:05.877) [Encrita] Asking for invite passcode...
(21:29:13.452) [Encrita] Minted first invite for this server
(21:29:13.452) [Encrita] Exiting boot...
(21:29:16.042) [(===)] 

(21:29:16.043) [Encrita] Booting from directory (/media/greenchild/Gata/Ethan/Home/Github/Encrita/Encrita)
(21:29:16.043) [Encrita] Encrita Booting...
(21:29:16.043) [Encrita] Error: No system file found! (encrita.eib)
(21:29:16.044) [Encrita] Installing and configering Encrita...
(21:29:16.044) [Encrita] Error: No invite file found! (invite.eib)
(21:29:17.277) [User] User chose to host their own server
(21:29:17.278) [Encrita] Fetching guide on hosting server...
(21:29:22.792) [Encrita] Hosting Setup Finished
(21:29:22.793) [Encrita] Asking for invite passcode...
(21:30:12.875) [Encrita] Minted first invite for this server
(21:30:12.876) [Encrita] Exiting boot...
(21:30:15.406) [(===)] 

(21:30:15.407) [Encrita] Booting from directory (/media/greenchild/Gata/Ethan/Home/Github/Encrita/Encrita)
(21:30:15.408) [Encrita] Encrita Booting...
(21:30:15.408) [Encrita] Error: No system file found! (encrita.eib)
(21:30:15.408) [Encrita] Installing and configering Encrita...
(21:30:15.409) [Encrita] Error: No invite file found! (invite.eib)
(21:30:17.383) [User] User chose to host their own server
(21:30:17.383) [Encrita] Fetching guide on hosting server...
(21:30:19.569) [Encrita] Hosting Setup Finished
(21:30:19.570) [Encrita] Asking for invite passcode...
(21:30:57.967) [Encrita] Minted first invite for this server
(21:30:57.968) [Encrita] Exiting boot...
(21:31:00.591) [(===)] 

(21:31:00.591) [Encrita] Booting from directory (/media/greenchild/Gata/Ethan/Home/Github/Encrita/Encrita)
(21:31:00.592) [Encrita] Encrita Booting...
(21:31:00.592) [Encrita] Error: No system file found! (encrita.eib)
(21:31:00.592) [Encrita] Installing and configering Encrita...
(21:31:00.592) [Encrita] Error: No invite file found! (invite.eib)
(21:31:04.544) [User] User chose to host their own server
(21:31:04.544) [Encrita] Fetching guide on hosting server...
(21:31:08.496) [Encrita] Hosting Setup Finished
(21:31:08.496) [Encrita] Asking for invite passcode...
(21:32:10.617) [Encrita] Minted first invite for this server
(21:32:10.617) [Encrita] Exiting boot...
(21:32:13.191) [(===)] 

(21:32:13.192) [Encrita] Booting from directory (/media/greenchild/Gata/Ethan/Home/Github/Encrita/Encrita)
(21:32:13.192) [Encrita] Encrita Booting...
(21:32:13.192) [Encrita] Error: No system file found! (encrita.eib)
(21:32:13.193) [Encrita] Installing and configering Encrita...
(21:32:13.193) [Encrita] Error: No invite file found! (invite.eib)
(21:32:14.941) [User] User chose to host their own server
(21:32:14.942) [Encrita] Fetching guide on hosting server...
(21:32:18.468) [Encrita] Hosting Setup Finished
(21:32:18.470) [Encrita] Asking for invite passcode...
(21:33:06.164) [Encrita] Minted first invite for this server
(21:33:06.164) [Encrita] Exiting boot...
(21:33:08.853) [(===)] 

(21:33:08.853) [Encrita] Booting from directory (/media/greenchild/Gata/Ethan/Home/Github/Encrita/Encrita)
(21:33:08.853) [Encrita] Encrita Booting...
(21:33:08.854) [Encrita] Error: No system file found! (encrita.eib)
(21:33:08.854) [Encrita] Installing and configering Encrita...
(21:33:08.854) [Encrita] Error: No invite file found! (invite.eib)
(21:33:10.787) [User] User chose to host their own server
(21:33:10.788) [Encrita] Fetching guide on hosting server...
(21:33:13.040) [Encrita] Hosting Setup Finished
(21:33:13.041) [Encrita] Asking for invite passcode...
(21:33:29.644) [Encrita] Minted first invite for this server
(21:33:29.644) [Encrita] Exiting boot...
(21:33:32.292) [(===)] 

(21:33:32.293) [Encrita] Booting from directory (/media/greenchild/Gata/Ethan/Home/Github/Encrita/Encrita)
(21:33:32.293) [Encrita] Encrita Booting...
(21:33:32.293) [Encrita] Error: No system file found! (encrita.eib)
(21:33:32.293) [Encrita] Installing and configering Encrita...
(21:33:32.294) [Encrita] Error: No invite file found! (invite.eib)
(21:33:33.793) [User] User chose to host their own server
(21:33:33.795) [Encrita] Fetching guide on hosting server...
(21:33:35.852) [Encrita] Hosting Setup Finished
(21:33:35.853) [Encrita] Asking for invite passcode...
(21:34:12.762) [Encrita] Minted first invite for this server
(21:34:12.763) [Encrita] Exiting boot...
(21:34:16.830) [(===)] 

(21:34:16.831) [Encrita] Booting from directory (/media/greenchild/Gata/Ethan/Home/Github/Encrita/Encrita)
(21:34:16.831) [Encrita] Encrita Booting...
(21:34:16.831) [Encrita] Error: No system file found! (encrita.eib)
(21:34:16.831) [Encrita] Installing and configering Encrita...
(21:34:16.831) [Encrita] Error: No invite file found! (invite.eib)
(21:34:17.961) [User] User chose to host their own server
(21:34:17.962) [Encrita] Fetching guide on hosting server...
(21:34:19.983) [Encrita] Hosting Setup Finished
(21:34:19.984) [Encrita] Asking for invite passcode...
(21:37:55.488) [Encrita] Minted first invite for this server
(21:37:55.489) [Encrita] Exiting boot...
(21:37:58.569) [(===)] 

(21:37:58.570) [Encrita] Booting from directory (/media/greenchild/Gata/Ethan/Home/Github/Encrita/Encrita)
(21:37:58.570) [Encrita] Encrita Booting...
(21:37:58.570) [Encrita] Error: No system file found! (encrita.eib)
(21:37:58.571) [Encrita] Installing and configering Encrita...
(21:37:58.571) [Encrita] Error: No invite file found! (invite.eib)
(21:38:01.426) [User] User chose to host their own server
(21:38:01.426) [Encrita] Fetching guide on hosting server...
(21:38:03.639) [Encrita] Hosting Setup Finished
(21:38:03.640) [Encrita] Asking for invite passcode...
(21:38:52.590) [Encrita] Minted first invite for this server
(21:38:52.591) [Encrita] Exiting boot...
(21:38:55.196) [(===)] 

(21:38:55.196) [Encrita] Booting from directory (/media/greenchild/Gata/Ethan/Home/Github/Encrita/Encrita)
(21:38:55.196) [Encrita] Encrita Booting...
(21:38:55.197) [Encrita] Error: No system file found! (encrita.eib)
(21:38:55.197) [Encrita] Installing and configering Encrita...
(21:38:55.197) [Encrita] Error: No invite file found! (invite.eib)
(21:38:56.743) [User] User chose to host their own server
(21:38:56.744) [Encrita] Fetching guide on hosting server...
(21:38:58.630) [Encrita] Hosting Setup Finished
(21:38:58.631) [Encrita] Asking for invite passcode...
(21:39:05.785) [Encrita] Minted first invite for this server
(21:39:05.785) [Encrita] Exiting boot...
(21:39:08.406) [(===)] 

(21:39:08.406) [Encrita] Booting from directory (/media/greenchild/Gata/Ethan/Home/Github/Encrita/Encrita)
(21:39:08.407) [Encrita] Encrita Booting...
(21:39:08.407) [Encrita] Error: No system file found! (encrita.eib)
(21:39:08.407) [Encrita] Installing and configering Encrita...
(21:39:08.407) [Encrita] Error: No invite file found! (invite.eib)
(21:39:09.907) [User] User chose to host their own server
(21:39:09.908) [Encrita] Fetching guide on hosting server...
(21:39:11.610) [Encrita] Hosting Setup Finished
(21:39:11.611) [Encrita] Asking for invite passcode...
(21:40:33.047) [Encrita] Minted first invite for this server
(21:40:33.047) [Encrita] Exiting boot...
(21:40:35.544) [(===)] 

(21:40:35.544) [Encrita] Booting from directory (/media/greenchild/Gata/Ethan/Home/Github/Encrita/Encrita)
(21:40:35.544) [Encrita] Encrita Booting...
(21:40:35.545) [Encrita] Error: No system file found! (encrita.eib)
(21:40:35.545) [Encrita] Installing and configering Encrita...
(21:40:35.545) [Encrita] Error: No invite file found! (invite.eib)
(21:40:37.052) [User] User chose to host their own server
(21:40:37.053) [Encrita] Fetching guide on hosting server...
(21:40:39.190) [Encrita] Hosting Setup Finished
(21:40:39.192) [Encrita] Asking for invite passcode...
(21:41:40.493) [Encrita] Minted first invite for this server
(21:41:40.494) [Encrita] Exiting boot...
(21:41:43.035) [(===)] 

(21:41:43.036) [Encrita] Booting from directory (/media/greenchild/Gata/Ethan/Home/Github/Encrita/Encrita)
(21:41:43.036) [Encrita] Encrita Booting...
(21:41:43.036) [Encrita] Error: No system file found! (encrita.eib)
(21:41:43.037) [Encrita] Installing and configering Encrita...
(21:41:43.037) [Encrita] Error: No invite file found! (invite.eib)
(21:41:44.623) [User] User chose to host their own server
(21:41:44.624) [Encrita] Fetching guide on hosting server...
(21:41:46.337) [Encrita] Hosting Setup Finished
(21:41:46.339) [Encrita] Asking for invite passcode...
(21:41:54.567) [Encrita] Minted first invite for this server
(21:41:54.567) [Encrita] Exiting boot...
(21:41:57.058) [(===)] 

(21:41:57.059) [Encrita] Booting from directory (/media/greenchild/Gata/Ethan/Home/Github/Encrita/Encrita)
(21:41:57.059) [Encrita] Encrita Booting...
(21:41:57.059) [Encrita] Error: No system file found! (encrita.eib)
(21:41:57.059) [Encrita] Installing and configering Encrita...
(21:41:57.059) [Encrita] Error: No invite file found! (invite.eib)
(21:41:58.809) [User] User chose to host their own server
(21:41:58.809) [Encrita] Fetching guide on hosting server...
(21:42:00.980) [Encrita] Hosting Setup Finished
(21:42:00.981) [Encrita] Asking for invite passcode...
(21:42:16.796) [Encrita] Minted first invite for this server
(21:42:16.796) [Encrita] Exiting boot...
(21:42:19.676) [(===)] 

(21:42:19.676) [Encrita] Booting from directory (/media/greenchild/Gata/Ethan/Home/Github/Encrita/Encrita)
(21:42:19.676) [Encrita] Encrita Booting...
(21:42:19.676) [Encrita] Error: No system file found! (encrita.eib)
(21:42:19.677) [Encrita] Installing and configering Encrita...
(21:42:19.677) [Encrita] Error: No invite file found! (invite.eib)
(21:42:20.530) [User] User chose to host their own server
(21:42:20.530) [Encrita] Fetching guide on hosting server...
(21:42:23.249) [Encrita] Hosting Setup Finished
(21:42:23.250) [Encrita] Asking for invite passcode...
(21:42:33.497) [Encrita] Minted first invite for this server
(21:42:33.498) [Encrita] Exiting boot...
(21:42:36.024) [(===)] 

(21:42:36.025) [Encrita] Booting from directory (/media/greenchild/Gata/Ethan/Home/Github/Encrita/Encrita)
(21:42:36.025) [Encrita] Encrita Booting...
(21:42:36.025) [Encrita] Error: No system file found! (encrita.eib)
(21:42:36.025) [Encrita] Installing and configering Encrita...
(21:42:36.025) [Encrita] Error: No invite file found! (invite.eib)
(21:42:37.060) [User] User chose to host their own server
(21:42:37.061) [Encrita] Fetching guide on hosting server...
(21:42:41.207) [Encrita] Hosting Setup Finished
(21:42:41.209) [Encrita] Asking for invite passcode...
(21:43:42.136) [Encrita] Minted first invite for this server
(21:43:42.136) [Encrita] Exiting boot...
(21:43:46.252) [(===)] 

(21:43:46.253) [Encrita] Booting from directory (/media/greenchild/Gata/Ethan/Home/Github/Encrita/Encrita)
(21:43:46.253) [Encrita] Encrita Booting...
(21:43:46.253) [Encrita] Error: No system file found! (encrita.eib)
(21:43:46.253) [Encrita] Installing and configering Encrita...
(21:43:46.254) [Encrita] Error: No invite file found! (invite.eib)
(21:49:21.765) [User] User chose to quit application instead of hosting a server
(21:49:24.708) [(===)] 

(21:49:24.708) [Encrita] Booting from directory (/media/greenchild/Gata/Ethan/Home/Github/Encrita/Encrita)
(21:49:24.708) [Encrita] Encrita Booting...
(21:49:24.709) [Encrita] Error: No system file found! (encrita.eib)
(21:49:24.709) [Encrita] Installing and configering Encrita...
(21:49:24.709) [Encrita] Error: No invite file found! (invite.eib)
(21:49:25.829) [User] User chose to host their own server
(21:49:25.830) [Encrita] Fetching guide on hosting server...
(21:49:29.123) [Encrita] Hosting Setup Finished
(21:49:29.124) [Encrita] Asking for invite passcode...
(21:49:52.615) [Encrita] Successfully Booted!
(21:49:55.289) [(===)] 

(21:49:55.290) [Encrita] Booting from directory (/media/greenchild/Gata/Ethan/Home/Github/Encrita/Encrita)
(21:49:55.290) [Encrita] Encrita Booting...
(21:49:55.290) [Encrita] Error: No system file found! (encrita.eib)
(21:49:55.290) [Encrita] Installing and configering Encrita...
(21:49:55.291) [Encrita] Error: No invite file found! (invite.eib)
(21:49:58.061) [User] User chose to host their own server
(21:49:58.063) [Encrita] Fetching guide on hosting server...
(21:50:02.468) [Encrita] Hosting Setup Finished
(21:50:02.470) [Encrita] Asking for invite passcode...
(21:51:34.395) [Encrita] Successfully Booted!
(21:51:37.209) [(===)] 

(21:51:37.209) [Encrita] Booting from directory (/media/greenchild/Gata/Ethan/Home/Github/Encrita/Encrita)
(21:51:37.210) [Encrita] Encrita Booting...
(21:51:37.210) [Encrita] Error: No system file found! (encrita.eib)
(21:51:37.210) [Encrita] Installing and configering Encrita...
(21:51:37.210) [Encrita] Error: No invite file found! (invite.eib)
(21:51:40.619) [User] User chose to host their own server
(21:51:40.619) [Encrita] Fetching guide on hosting server...
(21:51:44.576) [Encrita] Hosting Setup Finished
(21:51:44.577) [Encrita] Asking for invite passcode...
(21:51:51.564) [Encrita] Hosting Setup Finished
(21:51:51.565) [Encrita] Asking for invite passcode...
(21:52:13.955) [Encrita] Hosting Setup Finished
(21:52:13.956) [Encrita] Asking for invite passcode...
(21:52:20.016) [Encrita] Hosting Setup Finished
(21:52:20.017) [Encrita] Asking for invite passcode...
(21:52:24.413) [Encrita] Successfully Booted!
(21:53:47.599) [(===)] 

(21:53:47.599) [Encrita] Booting from directory (/media/greenchild/Gata/Ethan/Home/Github/Encrita/Encrita)
(21:53:47.600) [Encrita] Encrita Booting...
(21:53:47.600) [Encrita] Error: No system file found! (encrita.eib)
(21:53:47.600) [Encrita] Installing and configering Encrita...
(21:53:47.600) [Encrita] Error: No invite file found! (invite.eib)
(21:53:50.097) [User] User chose to quit application instead of hosting a server
(21:53:53.588) [(===)] 

(21:53:53.589) [Encrita] Booting from directory (/media/greenchild/Gata/Ethan/Home/Github/Encrita/Encrita)
(21:53:53.589) [Encrita] Encrita Booting...
(21:53:53.589) [Encrita] Error: No system file found! (encrita.eib)
(21:53:53.590) [Encrita] Installing and configering Encrita...
(21:53:53.590) [Encrita] Error: No invite file found! (invite.eib)
(21:53:54.769) [User] User chose to host their own server
(21:53:54.770) [Encrita] Fetching guide on hosting server...
(21:53:57.259) [Encrita] Hosting Setup Finished
(21:53:57.261) [Encrita] Asking for invite passcode...
(21:55:56.719) [Encrita] Successfully Booted!
(21:55:59.216) [(===)] 

(21:55:59.216) [Encrita] Booting from directory (/media/greenchild/Gata/Ethan/Home/Github/Encrita/Encrita)
(21:55:59.217) [Encrita] Encrita Booting...
(21:55:59.217) [Encrita] Error: No system file found! (encrita.eib)
(21:55:59.217) [Encrita] Installing and configering Encrita...
(21:55:59.217) [Encrita] Error: No invite file found! (invite.eib)
(21:56:02.552) [User] User chose to host their own server
(21:56:02.553) [Encrita] Fetching guide on hosting server...
(21:56:05.007) [Encrita] Hosting Setup Finished
(21:56:05.008) [Encrita] Asking for invite passcode...
(21:56:49.047) [Encrita] Hosting Setup Finished
(21:56:49.048) [Encrita] Asking for invite passcode...
(21:59:12.989) [Encrita] Hosting Setup Finished
(21:59:12.990) [Encrita] Asking for invite passcode...
(22:01:44.756) [Encrita] Successfully Booted!
(22:01:47.481) [(===)] 

(22:01:47.482) [Encrita] Booting from directory (/media/greenchild/Gata/Ethan/Home/Github/Encrita/Encrita)
(22:01:47.482) [Encrita] Encrita Booting...
(22:01:47.482) [Encrita] Error: No system file found! (encrita.eib)
(22:01:47.482) [Encrita] Installing and configering Encrita...
(22:01:47.482) [Encrita] Error: No invite file found! (invite.eib)
(22:01:48.968) [User] User chose to host their own server
(22:01:48.969) [Encrita] Fetching guide on hosting server...
(22:01:50.768) [Encrita] Hosting Setup Finished
(22:01:50.769) [Encrita] Asking for invite passcode...
(22:03:49.425) [Encrita] Successfully Booted!
(22:03:52.010) [(===)] 

(22:03:52.010) [Encrita] Booting from directory (/media/greenchild/Gata/Ethan/Home/Github/Encrita/Encrita)
(22:03:52.010) [Encrita] Encrita Booting...
(22:03:52.010) [Encrita] Error: No system file found! (encrita.eib)
(22:03:52.011) [Encrita] Installing and configering Encrita...
(22:03:52.011) [Encrita] Error: No invite file found! (invite.eib)
(22:03:53.309) [User] User chose to host their own server
(22:03:53.309) [Encrita] Fetching guide on hosting server...
(22:03:55.353) [Encrita] Hosting Setup Finished
(22:03:55.354) [Encrita] Asking for invite passcode...
(22:05:02.351) [Encrita] Successfully Booted!
(22:05:04.947) [(===)] 

(22:05:04.948) [Encrita] Booting from directory (/media/greenchild/Gata/Ethan/Home/Github/Encrita/Encrita)
(22:05:04.948) [Encrita] Encrita Booting...
(22:05:04.948) [Encrita] Error: No system file found! (encrita.eib)
(22:05:04.948) [Encrita] Installing and configering Encrita...
(22:05:04.948) [Encrita] Error: No invite file found! (invite.eib)
(22:05:07.685) [User] User chose to host their own server
(22:05:07.686) [Encrita] Fetching guide on hosting server...
(22:05:12.059) [Encrita] Hosting Setup Finished
(22:05:12.060) [Encrita] Asking for invite passcode...
(22:05:30.321) [Encrita] Minted first invite for this server
(22:05:30.321) [Encrita] Exiting boot...
(22:08:37.106) [(===)] 

(22:08:37.107) [Encrita] Booting from directory (/media/greenchild/Gata/Ethan/Home/Github/Encrita/Encrita)
(22:08:37.107) [Encrita] Encrita Booting...
(22:08:37.107) [Encrita] Error: No system file found! (encrita.eib)
(22:08:37.107) [Encrita] Installing and configering Encrita...
(22:08:37.108) [Encrita] Error: No invite file found! (invite.eib)
(22:08:39.442) [User] User chose to host their own server
(22:08:39.444) [Encrita] Fetching guide on hosting server...
(22:08:48.459) [Encrita] Hosting Setup Finished
(22:08:48.461) [Encrita] Asking for invite passcode...
(22:08:53.028) [Encrita] Minted first invite for this server
(22:08:53.029) [Encrita] Exiting boot...
(22:09:45.158) [(===)] 

(22:09:45.159) [Encrita] Booting from directory (/media/greenchild/Gata/Ethan/Home/Github/Encrita/Encrita)
(22:09:45.159) [Encrita] Encrita Booting...
(22:09:45.159) [Encrita] Error: No system file found! (encrita.eib)
(22:09:45.159) [Encrita] Installing and configering Encrita...
(22:09:45.159) [Encrita] Successfully Booted!
(22:09:50.027) [(===)] 

(22:09:50.027) [Encrita] Booting from directory (/media/greenchild/Gata/Ethan/Home/Github/Encrita/Encrita)
(22:09:50.027) [Encrita] Encrita Booting...
(22:09:50.028) [Encrita] Error: No system file found! (encrita.eib)
(22:09:50.028) [Encrita] Installing and configering Encrita...
(22:09:50.028) [Encrita] Successfully Booted!
(22:10:04.181) [(===)] 

(22:10:04.181) [Encrita] Booting from directory (/media/greenchild/Gata/Ethan/Home/Github/Encrita/Encrita)
(22:10:04.182) [Encrita] Encrita Booting...
(22:10:04.182) [Encrita] Error: No system file found! (encrita.eib)
(22:10:04.182) [Encrita] Installing and configering Encrita...
(22:10:04.182) [Encrita] Error: No invite file found! (invite.eib)
(22:10:08.422) [User] User chose to host their own server
(22:10:08.423) [Encrita] Fetching guide on hosting server...
(22:10:11.864) [Encrita] Hosting Setup Finished
(22:10:11.865) [Encrita] Asking for invite passcode...
(22:10:39.864) [Encrita] Minted first invite for this server
(22:10:39.864) [Encrita] Exiting boot...
(15:24:42.771) [(===)] 

(15:24:42.771) [Encrita] Booting from directory (/media/greenchild/Gata/Ethan/Home/Github/Encrita/Encrita)
(15:24:42.772) [Encrita] Encrita Booting...
(15:24:42.772) [Encrita] Error: No system file found! (encrita.eib)
(15:24:42.772) [Encrita] Installing and configering Encrita...
(15:24:42.772) [Encrita] Error: No invite file found! (invite.eib)
(15:24:46.556) [User] User chose to host their own server
(15:24:46.557) [Encrita] Fetching guide on hosting server...
(15:27:59.825) [Encrita] Hosting Setup Finished
(15:27:59.835) [Encrita] Asking for invite passcode...
(15:28:15.880) [Encrita] Minted first invite for this server
(15:28:15.880) [Encrita] Exiting boot...
(15:31:11.901) [(===)] 

(15:31:11.901) [Encrita] Booting from directory (/media/greenchild/Gata/Ethan/Home/Github/Encrita/Encrita)
(15:31:11.901) [Encrita] Encrita Booting...
(15:31:11.902) [Encrita] Error: No system file found! (encrita.eib)
(15:31:11.902) [Encrita] Installing and configering Encrita...
(15:31:11.902) [Encrita] Error: No invite file found! (invite.eib)
(15:31:13.420) [User] User chose to host their own server
(15:31:13.420) [Encrita] Fetching guide on hosting server...
(15:31:55.551) [Encrita] Successfully Booted!
(15:31:58.025) [(===)] 

(15:31:58.026) [Encrita] Booting from directory (/media/greenchild/Gata/Ethan/Home/Github/Encrita/Encrita)
(15:31:58.026) [Encrita] Encrita Booting...
(15:31:58.026) [Encrita] Error: No system file found! (encrita.eib)
(15:31:58.027) [Encrita] Installing and configering Encrita...
(15:31:58.027) [Encrita] Error: No invite file found! (invite.eib)
(15:31:59.854) [User] User chose to host their own server
(15:31:59.854) [Encrita] Fetching guide on hosting server...
(15:32:27.935) [Encrita] Successfully Booted!
(15:32:30.433) [(===)] 

(15:32:30.434) [Encrita] Booting from directory (/media/greenchild/Gata/Ethan/Home/Github/Encrita/Encrita)
(15:32:30.434) [Encrita] Encrita Booting...
(15:32:30.435) [Encrita] Error: No system file found! (encrita.eib)
(15:32:30.435) [Encrita] Installing and configering Encrita...
(15:32:30.435) [Encrita] Error: No invite file found! (invite.eib)
(15:32:31.457) [User] User chose to host their own server
(15:32:31.458) [Encrita] Fetching guide on hosting server...
(15:32:55.687) [Encrita] Successfully Booted!
(15:32:58.113) [(===)] 

(15:32:58.114) [Encrita] Booting from directory (/media/greenchild/Gata/Ethan/Home/Github/Encrita/Encrita)
(15:32:58.114) [Encrita] Encrita Booting...
(15:32:58.115) [Encrita] Error: No system file found! (encrita.eib)
(15:32:58.115) [Encrita] Installing and configering Encrita...
(15:32:58.115) [Encrita] Error: No invite file found! (invite.eib)
(15:32:59.415) [User] User chose to host their own server
(15:32:59.416) [Encrita] Fetching guide on hosting server...
(15:33:37.550) [Encrita] Successfully Booted!
(15:33:40.133) [(===)] 

(15:33:40.134) [Encrita] Booting from directory (/media/greenchild/Gata/Ethan/Home/Github/Encrita/Encrita)
(15:33:40.134) [Encrita] Encrita Booting...
(15:33:40.134) [Encrita] Error: No system file found! (encrita.eib)
(15:33:40.135) [Encrita] Installing and configering Encrita...
(15:33:40.135) [Encrita] Error: No invite file found! (invite.eib)
(15:33:41.397) [User] User chose to host their own server
(15:33:41.398) [Encrita] Fetching guide on hosting server...
(15:34:53.739) [Encrita] Successfully Booted!
(15:34:56.835) [(===)] 

(15:34:56.836) [Encrita] Booting from directory (/media/greenchild/Gata/Ethan/Home/Github/Encrita/Encrita)
(15:34:56.844) [Encrita] Encrita Booting...
(15:34:56.844) [Encrita] Error: No system file found! (encrita.eib)
(15:34:56.844) [Encrita] Installing and configering Encrita...
(15:34:56.844) [Encrita] Error: No invite file found! (invite.eib)
(15:34:58.785) [User] User chose to host their own server
(15:34:58.786) [Encrita] Fetching guide on hosting server...
(15:38:12.440) [Encrita] Hosting Setup Finished
(15:38:12.440) [Encrita] Asking for invite passcode...
(15:39:13.351) [Encrita] Minted first invite for this server
(15:39:13.351) [Encrita] Exiting boot...
